0 verbose cli /Users/bruce/.nvm/versions/node/v22.19.0/bin/node /Users/bruce/.nvm/versions/node/v22.19.0/bin/npm
1 info using npm@10.9.3
2 info using node@v22.19.0
3 silly config load:file:/Users/bruce/.nvm/versions/node/v22.19.0/lib/node_modules/npm/npmrc
4 silly config load:file:/Users/bruce/Projects/iris_notes/.npmrc
5 silly config load:file:/Users/bruce/.npmrc
6 silly config load:file:/Users/bruce/.nvm/versions/node/v22.19.0/etc/npmrc
7 verbose title npm install @tailwindcss/postcss@latest
8 verbose argv "install" "--save-dev" "@tailwindcss/postcss@latest" "--cache" ".npm-cache"
9 verbose logfile logs-max:10 dir:/Users/bruce/Projects/iris_notes/.npm-cache/_logs/2026-01-14T14_32_48_548Z-
10 verbose logfile /Users/bruce/Projects/iris_notes/.npm-cache/_logs/2026-01-14T14_32_48_548Z-debug-0.log
11 silly logfile done cleaning log files
12 silly packumentCache heap:4345298944 maxSize:1086324736 maxEntrySize:543162368
13 silly packumentCache corgi:https://registry.npmjs.org/@tailwindcss%2fpostcss cache-miss
14 http fetch GET 200 https://registry.npmjs.org/@tailwindcss%2fpostcss 2883ms (cache miss)
15 silly packumentCache corgi:https://registry.npmjs.org/@tailwindcss%2fpostcss set size:undefined disposed:false
16 silly idealTree buildDeps
17 silly fetch manifest @tailwindcss/postcss@4.1.18
18 silly packumentCache full:https://registry.npmjs.org/@tailwindcss%2fpostcss cache-miss
19 http fetch GET 200 https://registry.npmjs.org/@tailwindcss%2fpostcss 1021ms (cache miss)
20 silly packumentCache full:https://registry.npmjs.org/@tailwindcss%2fpostcss set size:undefined disposed:false
21 silly placeDep ROOT @tailwindcss/postcss@4.1.18 OK for: iris_notes@0.1.0 want: 4.1.18
22 silly fetch manifest @alloc/quick-lru@^5.2.0
23 silly packumentCache full:https://registry.npmjs.org/@alloc%2fquick-lru cache-miss
24 silly fetch manifest @tailwindcss/node@4.1.18
25 silly packumentCache full:https://registry.npmjs.org/@tailwindcss%2fnode cache-miss
26 silly fetch manifest @tailwindcss/oxide@4.1.18
27 silly packumentCache full:https://registry.npmjs.org/@tailwindcss%2foxide cache-miss
28 http fetch GET 200 https://registry.npmjs.org/@tailwindcss%2fnode 714ms (cache miss)
29 silly packumentCache full:https://registry.npmjs.org/@tailwindcss%2fnode set size:undefined disposed:false
30 http fetch GET 200 https://registry.npmjs.org/@tailwindcss%2foxide 1557ms (cache miss)
31 silly packumentCache full:https://registry.npmjs.org/@tailwindcss%2foxide set size:undefined disposed:false
32 http fetch GET 200 https://registry.npmjs.org/@alloc%2fquick-lru 2169ms (cache miss)
33 silly packumentCache full:https://registry.npmjs.org/@alloc%2fquick-lru set size:undefined disposed:false
34 silly placeDep ROOT @alloc/quick-lru@5.2.0 OK for: @tailwindcss/postcss@4.1.18 want: ^5.2.0
35 silly placeDep ROOT @tailwindcss/node@4.1.18 OK for: @tailwindcss/postcss@4.1.18 want: 4.1.18
36 silly placeDep ROOT @tailwindcss/oxide@4.1.18 OK for: @tailwindcss/postcss@4.1.18 want: 4.1.18
37 silly fetch manifest lightningcss@1.30.2
38 silly packumentCache full:https://registry.npmjs.org/lightningcss cache-miss
39 silly fetch manifest magic-string@^0.30.21
40 silly packumentCache full:https://registry.npmjs.org/magic-string cache-miss
41 silly fetch manifest enhanced-resolve@^5.18.3
42 silly packumentCache full:https://registry.npmjs.org/enhanced-resolve cache-miss
43 silly fetch manifest @tailwindcss/oxide-darwin-x64@4.1.18
44 silly packumentCache full:https://registry.npmjs.org/@tailwindcss%2foxide-darwin-x64 cache-miss
45 silly fetch manifest @tailwindcss/oxide-freebsd-x64@4.1.18
46 silly packumentCache full:https://registry.npmjs.org/@tailwindcss%2foxide-freebsd-x64 cache-miss
47 silly fetch manifest @tailwindcss/oxide-wasm32-wasi@4.1.18
48 silly packumentCache full:https://registry.npmjs.org/@tailwindcss%2foxide-wasm32-wasi cache-miss
49 silly fetch manifest @tailwindcss/oxide-darwin-arm64@4.1.18
50 silly packumentCache full:https://registry.npmjs.org/@tailwindcss%2foxide-darwin-arm64 cache-miss
51 silly fetch manifest @tailwindcss/oxide-android-arm64@4.1.18
52 silly packumentCache full:https://registry.npmjs.org/@tailwindcss%2foxide-android-arm64 cache-miss
53 silly fetch manifest @tailwindcss/oxide-linux-x64-gnu@4.1.18
54 silly packumentCache full:https://registry.npmjs.org/@tailwindcss%2foxide-linux-x64-gnu cache-miss
55 silly fetch manifest @tailwindcss/oxide-linux-x64-musl@4.1.18
56 silly packumentCache full:https://registry.npmjs.org/@tailwindcss%2foxide-linux-x64-musl cache-miss
57 silly fetch manifest @tailwindcss/oxide-win32-x64-msvc@4.1.18
58 silly packumentCache full:https://registry.npmjs.org/@tailwindcss%2foxide-win32-x64-msvc cache-miss
59 silly fetch manifest @tailwindcss/oxide-linux-arm64-gnu@4.1.18
60 silly packumentCache full:https://registry.npmjs.org/@tailwindcss%2foxide-linux-arm64-gnu cache-miss
61 silly fetch manifest @tailwindcss/oxide-linux-arm64-musl@4.1.18
62 silly packumentCache full:https://registry.npmjs.org/@tailwindcss%2foxide-linux-arm64-musl cache-miss
63 silly fetch manifest @tailwindcss/oxide-win32-arm64-msvc@4.1.18
64 silly packumentCache full:https://registry.npmjs.org/@tailwindcss%2foxide-win32-arm64-msvc cache-miss
65 silly fetch manifest @tailwindcss/oxide-linux-arm-gnueabihf@4.1.18
66 silly packumentCache full:https://registry.npmjs.org/@tailwindcss%2foxide-linux-arm-gnueabihf cache-miss
67 http fetch GET 200 https://registry.npmjs.org/enhanced-resolve 144ms (cache miss)
68 silly packumentCache full:https://registry.npmjs.org/enhanced-resolve set size:undefined disposed:false
69 http fetch GET 200 https://registry.npmjs.org/lightningcss 149ms (cache miss)
70 silly packumentCache full:https://registry.npmjs.org/lightningcss set size:undefined disposed:false
71 http fetch GET 200 https://registry.npmjs.org/magic-string 164ms (cache miss)
72 silly packumentCache full:https://registry.npmjs.org/magic-string set size:undefined disposed:false
73 http fetch GET 200 https://registry.npmjs.org/@tailwindcss%2foxide-win32-x64-msvc 984ms (cache miss)
74 silly packumentCache full:https://registry.npmjs.org/@tailwindcss%2foxide-win32-x64-msvc set size:undefined disposed:false
75 http fetch GET 200 https://registry.npmjs.org/@tailwindcss%2foxide-freebsd-x64 1157ms (cache miss)
76 silly packumentCache full:https://registry.npmjs.org/@tailwindcss%2foxide-freebsd-x64 set size:undefined disposed:false
77 http fetch GET 200 https://registry.npmjs.org/@tailwindcss%2foxide-android-arm64 1252ms (cache miss)
78 silly packumentCache full:https://registry.npmjs.org/@tailwindcss%2foxide-android-arm64 set size:undefined disposed:false
79 http fetch GET 200 https://registry.npmjs.org/@tailwindcss%2foxide-darwin-x64 1385ms (cache miss)
80 silly packumentCache full:https://registry.npmjs.org/@tailwindcss%2foxide-darwin-x64 set size:undefined disposed:false
81 http fetch GET 200 https://registry.npmjs.org/@tailwindcss%2foxide-linux-arm64-gnu 1534ms (cache miss)
82 silly packumentCache full:https://registry.npmjs.org/@tailwindcss%2foxide-linux-arm64-gnu set size:undefined disposed:false
83 http fetch GET 200 https://registry.npmjs.org/@tailwindcss%2foxide-darwin-arm64 1718ms (cache miss)
84 silly packumentCache full:https://registry.npmjs.org/@tailwindcss%2foxide-darwin-arm64 set size:undefined disposed:false
85 http fetch GET 200 https://registry.npmjs.org/@tailwindcss%2foxide-wasm32-wasi 1964ms (cache miss)
86 silly packumentCache full:https://registry.npmjs.org/@tailwindcss%2foxide-wasm32-wasi set size:undefined disposed:false
87 http fetch GET 200 https://registry.npmjs.org/@tailwindcss%2foxide-linux-x64-gnu 2029ms (cache miss)
88 silly packumentCache full:https://registry.npmjs.org/@tailwindcss%2foxide-linux-x64-gnu set size:undefined disposed:false
89 http fetch GET 200 https://registry.npmjs.org/@tailwindcss%2foxide-linux-arm64-musl 2054ms (cache miss)
90 silly packumentCache full:https://registry.npmjs.org/@tailwindcss%2foxide-linux-arm64-musl set size:undefined disposed:false
91 http fetch GET 200 https://registry.npmjs.org/@tailwindcss%2foxide-linux-arm-gnueabihf 2531ms (cache miss)
92 silly packumentCache full:https://registry.npmjs.org/@tailwindcss%2foxide-linux-arm-gnueabihf set size:undefined disposed:false
93 http fetch GET 200 https://registry.npmjs.org/@tailwindcss%2foxide-win32-arm64-msvc 2597ms (cache miss)
94 silly packumentCache full:https://registry.npmjs.org/@tailwindcss%2foxide-win32-arm64-msvc set size:undefined disposed:false
95 http fetch GET 200 https://registry.npmjs.org/@tailwindcss%2foxide-linux-x64-musl 3271ms (cache miss)
96 silly packumentCache full:https://registry.npmjs.org/@tailwindcss%2foxide-linux-x64-musl set size:undefined disposed:false
97 silly placeDep ROOT enhanced-resolve@5.18.4 OK for: @tailwindcss/node@4.1.18 want: ^5.18.3
98 silly placeDep ROOT lightningcss@1.30.2 OK for: @tailwindcss/node@4.1.18 want: 1.30.2
99 silly placeDep ROOT magic-string@0.30.21 OK for: @tailwindcss/node@4.1.18 want: ^0.30.21
100 silly fetch manifest tapable@^2.2.0
101 silly packumentCache full:https://registry.npmjs.org/tapable cache-miss
102 silly fetch manifest lightningcss-darwin-x64@1.30.2
103 silly packumentCache full:https://registry.npmjs.org/lightningcss-darwin-x64 cache-miss
104 silly fetch manifest lightningcss-linux-x64-gnu@1.30.2
105 silly packumentCache full:https://registry.npmjs.org/lightningcss-linux-x64-gnu cache-miss
106 silly fetch manifest lightningcss-win32-x64-msvc@1.30.2
107 silly packumentCache full:https://registry.npmjs.org/lightningcss-win32-x64-msvc cache-miss
108 silly fetch manifest lightningcss-win32-arm64-msvc@1.30.2
109 silly packumentCache full:https://registry.npmjs.org/lightningcss-win32-arm64-msvc cache-miss
110 silly fetch manifest lightningcss-darwin-arm64@1.30.2
111 silly packumentCache full:https://registry.npmjs.org/lightningcss-darwin-arm64 cache-miss
112 silly fetch manifest lightningcss-linux-arm64-gnu@1.30.2
113 silly packumentCache full:https://registry.npmjs.org/lightningcss-linux-arm64-gnu cache-miss
114 silly fetch manifest lightningcss-linux-arm-gnueabihf@1.30.2
115 silly packumentCache full:https://registry.npmjs.org/lightningcss-linux-arm-gnueabihf cache-miss
116 silly fetch manifest lightningcss-linux-arm64-musl@1.30.2
117 silly packumentCache full:https://registry.npmjs.org/lightningcss-linux-arm64-musl cache-miss
118 silly fetch manifest lightningcss-linux-x64-musl@1.30.2
119 silly packumentCache full:https://registry.npmjs.org/lightningcss-linux-x64-musl cache-miss
120 silly fetch manifest lightningcss-freebsd-x64@1.30.2
121 silly packumentCache full:https://registry.npmjs.org/lightningcss-freebsd-x64 cache-miss
122 silly fetch manifest lightningcss-android-arm64@1.30.2
123 silly packumentCache full:https://registry.npmjs.org/lightningcss-android-arm64 cache-miss
124 http fetch GET 200 https://registry.npmjs.org/tapable 55ms (cache miss)
125 silly packumentCache full:https://registry.npmjs.org/tapable set size:undefined disposed:false
126 http fetch GET 200 https://registry.npmjs.org/lightningcss-win32-x64-msvc 153ms (cache miss)
127 silly packumentCache full:https://registry.npmjs.org/lightningcss-win32-x64-msvc set size:undefined disposed:false
128 http fetch GET 200 https://registry.npmjs.org/lightningcss-darwin-arm64 153ms (cache miss)
129 silly packumentCache full:https://registry.npmjs.org/lightningcss-darwin-arm64 set size:undefined disposed:false
130 http fetch GET 200 https://registry.npmjs.org/lightningcss-win32-arm64-msvc 159ms (cache miss)
131 silly packumentCache full:https://registry.npmjs.org/lightningcss-win32-arm64-msvc set size:undefined disposed:false
132 http fetch GET 200 https://registry.npmjs.org/lightningcss-freebsd-x64 272ms (cache miss)
133 silly packumentCache full:https://registry.npmjs.org/lightningcss-freebsd-x64 set size:undefined disposed:false
134 http fetch GET 200 https://registry.npmjs.org/lightningcss-linux-x64-gnu 322ms (cache miss)
135 silly packumentCache full:https://registry.npmjs.org/lightningcss-linux-x64-gnu set size:undefined disposed:false
136 http fetch GET 200 https://registry.npmjs.org/lightningcss-linux-x64-musl 486ms (cache miss)
137 silly packumentCache full:https://registry.npmjs.org/lightningcss-linux-x64-musl set size:undefined disposed:false
138 http fetch GET 200 https://registry.npmjs.org/lightningcss-android-arm64 532ms (cache miss)
139 silly packumentCache full:https://registry.npmjs.org/lightningcss-android-arm64 set size:undefined disposed:false
140 http fetch GET 200 https://registry.npmjs.org/lightningcss-linux-arm-gnueabihf 675ms (cache miss)
141 silly packumentCache full:https://registry.npmjs.org/lightningcss-linux-arm-gnueabihf set size:undefined disposed:false
142 http fetch GET 200 https://registry.npmjs.org/lightningcss-linux-arm64-gnu 696ms (cache miss)
143 silly packumentCache full:https://registry.npmjs.org/lightningcss-linux-arm64-gnu set size:undefined disposed:false
144 http fetch GET 200 https://registry.npmjs.org/lightningcss-linux-arm64-musl 712ms (cache miss)
145 silly packumentCache full:https://registry.npmjs.org/lightningcss-linux-arm64-musl set size:undefined disposed:false
146 http fetch GET 200 https://registry.npmjs.org/lightningcss-darwin-x64 1019ms (cache miss)
147 silly packumentCache full:https://registry.npmjs.org/lightningcss-darwin-x64 set size:undefined disposed:false
148 silly placeDep ROOT @tailwindcss/oxide-android-arm64@4.1.18 OK for: @tailwindcss/oxide@4.1.18 want: 4.1.18
149 silly placeDep ROOT @tailwindcss/oxide-darwin-arm64@4.1.18 OK for: @tailwindcss/oxide@4.1.18 want: 4.1.18
150 silly placeDep ROOT @tailwindcss/oxide-darwin-x64@4.1.18 OK for: @tailwindcss/oxide@4.1.18 want: 4.1.18
151 silly placeDep ROOT @tailwindcss/oxide-freebsd-x64@4.1.18 OK for: @tailwindcss/oxide@4.1.18 want: 4.1.18
152 silly placeDep ROOT @tailwindcss/oxide-linux-arm-gnueabihf@4.1.18 OK for: @tailwindcss/oxide@4.1.18 want: 4.1.18
153 silly placeDep ROOT @tailwindcss/oxide-linux-arm64-gnu@4.1.18 OK for: @tailwindcss/oxide@4.1.18 want: 4.1.18
154 silly placeDep ROOT @tailwindcss/oxide-linux-arm64-musl@4.1.18 OK for: @tailwindcss/oxide@4.1.18 want: 4.1.18
155 silly placeDep ROOT @tailwindcss/oxide-linux-x64-gnu@4.1.18 OK for: @tailwindcss/oxide@4.1.18 want: 4.1.18
156 silly placeDep ROOT @tailwindcss/oxide-linux-x64-musl@4.1.18 OK for: @tailwindcss/oxide@4.1.18 want: 4.1.18
157 silly placeDep ROOT @tailwindcss/oxide-wasm32-wasi@4.1.18 OK for: @tailwindcss/oxide@4.1.18 want: 4.1.18
158 silly placeDep ROOT @tailwindcss/oxide-win32-arm64-msvc@4.1.18 OK for: @tailwindcss/oxide@4.1.18 want: 4.1.18
159 silly placeDep ROOT @tailwindcss/oxide-win32-x64-msvc@4.1.18 OK for: @tailwindcss/oxide@4.1.18 want: 4.1.18
160 silly placeDep ROOT tapable@2.3.0 OK for: enhanced-resolve@5.18.4 want: ^2.2.0
161 silly placeDep ROOT lightningcss-android-arm64@1.30.2 OK for: lightningcss@1.30.2 want: 1.30.2
162 silly placeDep ROOT lightningcss-darwin-arm64@1.30.2 OK for: lightningcss@1.30.2 want: 1.30.2
163 silly placeDep ROOT lightningcss-darwin-x64@1.30.2 OK for: lightningcss@1.30.2 want: 1.30.2
164 silly placeDep ROOT lightningcss-freebsd-x64@1.30.2 OK for: lightningcss@1.30.2 want: 1.30.2
165 silly placeDep ROOT lightningcss-linux-arm-gnueabihf@1.30.2 OK for: lightningcss@1.30.2 want: 1.30.2
166 silly placeDep ROOT lightningcss-linux-arm64-gnu@1.30.2 OK for: lightningcss@1.30.2 want: 1.30.2
167 silly placeDep ROOT lightningcss-linux-arm64-musl@1.30.2 OK for: lightningcss@1.30.2 want: 1.30.2
168 silly placeDep ROOT lightningcss-linux-x64-gnu@1.30.2 OK for: lightningcss@1.30.2 want: 1.30.2
169 silly placeDep ROOT lightningcss-linux-x64-musl@1.30.2 OK for: lightningcss@1.30.2 want: 1.30.2
170 silly placeDep ROOT lightningcss-win32-arm64-msvc@1.30.2 OK for: lightningcss@1.30.2 want: 1.30.2
171 silly placeDep ROOT lightningcss-win32-x64-msvc@1.30.2 OK for: lightningcss@1.30.2 want: 1.30.2
172 silly reify moves {}
173 verbose reify failed optional dependency /Users/bruce/Projects/iris_notes/node_modules/@tailwindcss/oxide-wasm32-wasi
174 silly reify mark deleted [
174 silly reify   '/Users/bruce/Projects/iris_notes/node_modules/@tailwindcss/oxide-wasm32-wasi'
174 silly reify ]
175 silly audit bulk request {
175 silly audit   '@babel/code-frame': [ '7.28.6' ],
175 silly audit   '@babel/compat-data': [ '7.28.6' ],
175 silly audit   '@babel/core': [ '7.28.6' ],
175 silly audit   json5: [ '2.2.3', '1.0.2' ],
175 silly audit   semver: [ '6.3.1', '7.7.3' ],
175 silly audit   '@babel/generator': [ '7.28.6' ],
175 silly audit   '@babel/helper-compilation-targets': [ '7.28.6' ],
175 silly audit   'lru-cache': [ '5.1.1', '6.0.0' ],
175 silly audit   yallist: [ '3.1.1', '4.0.0' ],
175 silly audit   '@babel/helper-globals': [ '7.28.0' ],
175 silly audit   '@babel/helper-module-imports': [ '7.28.6' ],
175 silly audit   '@babel/helper-module-transforms': [ '7.28.6' ],
175 silly audit   '@babel/helper-string-parser': [ '7.27.1' ],
175 silly audit   '@babel/helper-validator-identifier': [ '7.28.5' ],
175 silly audit   '@babel/helper-validator-option': [ '7.27.1' ],
175 silly audit   '@babel/helpers': [ '7.28.6' ],
175 silly audit   '@babel/parser': [ '7.28.6' ],
175 silly audit   '@babel/runtime': [ '7.28.4' ],
175 silly audit   '@babel/template': [ '7.28.6' ],
175 silly audit   '@babel/traverse': [ '7.28.6' ],
175 silly audit   '@babel/types': [ '7.28.6' ],
175 silly audit   '@chevrotain/cst-dts-gen': [ '10.5.0' ],
175 silly audit   '@chevrotain/gast': [ '10.5.0' ],
175 silly audit   '@chevrotain/types': [ '10.5.0' ],
175 silly audit   '@chevrotain/utils': [ '10.5.0' ],
175 silly audit   '@electric-sql/pglite': [ '0.3.2' ],
175 silly audit   '@electric-sql/pglite-socket': [ '0.0.6' ],
175 silly audit   '@electric-sql/pglite-tools': [ '0.2.7' ],
175 silly audit   '@emnapi/core': [ '1.8.1' ],
175 silly audit   '@emnapi/runtime': [ '1.8.1' ],
175 silly audit   '@emnapi/wasi-threads': [ '1.1.0' ],
175 silly audit   '@esbuild/aix-ppc64': [ '0.27.2' ],
175 silly audit   '@esbuild/android-arm': [ '0.27.2' ],
175 silly audit   '@esbuild/android-arm64': [ '0.27.2' ],
175 silly audit   '@esbuild/android-x64': [ '0.27.2' ],
175 silly audit   '@esbuild/darwin-arm64': [ '0.27.2' ],
175 silly audit   '@esbuild/darwin-x64': [ '0.27.2' ],
175 silly audit   '@esbuild/freebsd-arm64': [ '0.27.2' ],
175 silly audit   '@esbuild/freebsd-x64': [ '0.27.2' ],
175 silly audit   '@esbuild/linux-arm': [ '0.27.2' ],
175 silly audit   '@esbuild/linux-arm64': [ '0.27.2' ],
175 silly audit   '@esbuild/linux-ia32': [ '0.27.2' ],
175 silly audit   '@esbuild/linux-loong64': [ '0.27.2' ],
175 silly audit   '@esbuild/linux-mips64el': [ '0.27.2' ],
175 silly audit   '@esbuild/linux-ppc64': [ '0.27.2' ],
175 silly audit   '@esbuild/linux-riscv64': [ '0.27.2' ],
175 silly audit   '@esbuild/linux-s390x': [ '0.27.2' ],
175 silly audit   '@esbuild/linux-x64': [ '0.27.2' ],
175 silly audit   '@esbuild/netbsd-arm64': [ '0.27.2' ],
175 silly audit   '@esbuild/netbsd-x64': [ '0.27.2' ],
175 silly audit   '@esbuild/openbsd-arm64': [ '0.27.2' ],
175 silly audit   '@esbuild/openbsd-x64': [ '0.27.2' ],
175 silly audit   '@esbuild/openharmony-arm64': [ '0.27.2' ],
175 silly audit   '@esbuild/sunos-x64': [ '0.27.2' ],
175 silly audit   '@esbuild/win32-arm64': [ '0.27.2' ],
175 silly audit   '@esbuild/win32-ia32': [ '0.27.2' ],
175 silly audit   '@esbuild/win32-x64': [ '0.27.2' ],
175 silly audit   '@eslint-community/eslint-utils': [ '4.9.1' ],
175 silly audit   '@eslint-community/regexpp': [ '4.12.2' ],
175 silly audit   '@eslint/config-array': [ '0.21.1' ],
175 silly audit   '@eslint/config-helpers': [ '0.4.2' ],
175 silly audit   '@eslint/core': [ '0.17.0' ],
175 silly audit   '@eslint/eslintrc': [ '3.3.3' ],
175 silly audit   '@eslint/js': [ '9.39.2' ],
175 silly audit   '@eslint/object-schema': [ '2.1.7' ],
175 silly audit   '@eslint/plugin-kit': [ '0.4.1' ],
175 silly audit   '@hono/node-server': [ '1.19.6' ],
175 silly audit   '@humanfs/core': [ '0.19.1' ],
175 silly audit   '@humanfs/node': [ '0.16.7' ],
175 silly audit   '@humanwhocodes/module-importer': [ '1.0.1' ],
175 silly audit   '@humanwhocodes/retry': [ '0.4.3' ],
175 silly audit   '@img/colour': [ '1.0.0' ],
175 silly audit   '@img/sharp-darwin-arm64': [ '0.34.5' ],
175 silly audit   '@img/sharp-darwin-x64': [ '0.34.5' ],
175 silly audit   '@img/sharp-libvips-darwin-arm64': [ '1.2.4' ],
175 silly audit   '@img/sharp-libvips-darwin-x64': [ '1.2.4' ],
175 silly audit   '@img/sharp-libvips-linux-arm': [ '1.2.4' ],
175 silly audit   '@img/sharp-libvips-linux-arm64': [ '1.2.4' ],
175 silly audit   '@img/sharp-libvips-linux-ppc64': [ '1.2.4' ],
175 silly audit   '@img/sharp-libvips-linux-riscv64': [ '1.2.4' ],
175 silly audit   '@img/sharp-libvips-linux-s390x': [ '1.2.4' ],
175 silly audit   '@img/sharp-libvips-linux-x64': [ '1.2.4' ],
175 silly audit   '@img/sharp-libvips-linuxmusl-arm64': [ '1.2.4' ],
175 silly audit   '@img/sharp-libvips-linuxmusl-x64': [ '1.2.4' ],
175 silly audit   '@img/sharp-linux-arm': [ '0.34.5' ],
175 silly audit   '@img/sharp-linux-arm64': [ '0.34.5' ],
175 silly audit   '@img/sharp-linux-ppc64': [ '0.34.5' ],
175 silly audit   '@img/sharp-linux-riscv64': [ '0.34.5' ],
175 silly audit   '@img/sharp-linux-s390x': [ '0.34.5' ],
175 silly audit   '@img/sharp-linux-x64': [ '0.34.5' ],
175 silly audit   '@img/sharp-linuxmusl-arm64': [ '0.34.5' ],
175 silly audit   '@img/sharp-linuxmusl-x64': [ '0.34.5' ],
175 silly audit   '@img/sharp-wasm32': [ '0.34.5' ],
175 silly audit   '@img/sharp-win32-arm64': [ '0.34.5' ],
175 silly audit   '@img/sharp-win32-ia32': [ '0.34.5' ],
175 silly audit   '@img/sharp-win32-x64': [ '0.34.5' ],
175 silly audit   '@jridgewell/gen-mapping': [ '0.3.13' ],
175 silly audit   '@jridgewell/remapping': [ '2.3.5' ],
175 silly audit   '@jridgewell/resolve-uri': [ '3.1.2' ],
175 silly audit   '@jridgewell/sourcemap-codec': [ '1.5.5' ],
175 silly audit   '@jridgewell/trace-mapping': [ '0.3.31' ],
175 silly audit   '@mrleebo/prisma-ast': [ '0.12.1' ],
175 silly audit   '@napi-rs/wasm-runtime': [ '0.2.12' ],
175 silly audit   '@next/env': [ '16.1.1' ],
175 silly audit   '@next/eslint-plugin-next': [ '16.1.1' ],
175 silly audit   '@next/swc-darwin-arm64': [ '16.1.1' ],
175 silly audit   '@next/swc-darwin-x64': [ '16.1.1' ],
175 silly audit   '@next/swc-linux-arm64-gnu': [ '16.1.1' ],
175 silly audit   '@next/swc-linux-arm64-musl': [ '16.1.1' ],
175 silly audit   '@next/swc-linux-x64-gnu': [ '16.1.1' ],
175 silly audit   '@next/swc-linux-x64-musl': [ '16.1.1' ],
175 silly audit   '@next/swc-win32-arm64-msvc': [ '16.1.1' ],
175 silly audit   '@next/swc-win32-x64-msvc': [ '16.1.1' ],
175 silly audit   '@nodelib/fs.scandir': [ '2.1.5' ],
175 silly audit   '@nodelib/fs.stat': [ '2.0.5' ],
175 silly audit   '@nodelib/fs.walk': [ '1.2.8' ],
175 silly audit   '@nolyfill/is-core-module': [ '1.0.39' ],
175 silly audit   '@panva/hkdf': [ '1.2.1' ],
175 silly audit   '@prisma/client': [ '7.2.0' ],
175 silly audit   '@prisma/client-runtime-utils': [ '7.2.0' ],
175 silly audit   '@prisma/config': [ '7.2.0' ],
175 silly audit   '@prisma/debug': [ '7.2.0', '6.8.2' ],
175 silly audit   '@prisma/dev': [ '0.17.0' ],
175 silly audit   '@prisma/engines': [ '7.2.0' ],
175 silly audit   '@prisma/engines-version': [ '7.2.0-4.0c8ef2ce45c83248ab3df073180d5eda9e8be7a3' ],
175 silly audit   '@prisma/get-platform': [ '7.2.0', '6.8.2' ],
175 silly audit   '@prisma/fetch-engine': [ '7.2.0' ],
175 silly audit   '@prisma/query-plan-executor': [ '6.18.0' ],
175 silly audit   '@prisma/studio-core': [ '0.9.0' ],
175 silly audit   '@rtsao/scc': [ '1.1.0' ],
175 silly audit   '@standard-schema/spec': [ '1.1.0' ],
175 silly audit   '@swc/helpers': [ '0.5.15' ],
175 silly audit   '@tybys/wasm-util': [ '0.10.1' ],
175 silly audit   '@types/bcryptjs': [ '2.4.6' ],
175 silly audit   '@types/estree': [ '1.0.8' ],
175 silly audit   '@types/json-schema': [ '7.0.15' ],
175 silly audit   '@types/json5': [ '0.0.29' ],
175 silly audit   '@types/node': [ '25.0.8' ],
175 silly audit   '@types/react': [ '19.2.8' ],
175 silly audit   '@types/react-dom': [ '19.2.3' ],
175 silly audit   '@typescript-eslint/eslint-plugin': [ '8.53.0' ],
175 silly audit   ignore: [ '7.0.5', '5.3.2' ],
175 silly audit   '@typescript-eslint/parser': [ '8.53.0' ],
175 silly audit   '@typescript-eslint/project-service': [ '8.53.0' ],
175 silly audit   '@typescript-eslint/scope-manager': [ '8.53.0' ],
175 silly audit   '@typescript-eslint/tsconfig-utils': [ '8.53.0' ],
175 silly audit   '@typescript-eslint/type-utils': [ '8.53.0' ],
175 silly audit   '@typescript-eslint/types': [ '8.53.0' ],
175 silly audit   '@typescript-eslint/typescript-estree': [ '8.53.0' ],
175 silly audit   'brace-expansion': [ '2.0.2', '1.1.12' ],
175 silly audit   minimatch: [ '9.0.5', '3.1.2' ],
175 silly audit   '@typescript-eslint/utils': [ '8.53.0' ],
175 silly audit   '@typescript-eslint/visitor-keys': [ '8.53.0' ],
175 silly audit   'eslint-visitor-keys': [ '4.2.1', '3.4.3' ],
175 silly audit   '@unrs/resolver-binding-android-arm-eabi': [ '1.11.1' ],
175 silly audit   '@unrs/resolver-binding-android-arm64': [ '1.11.1' ],
175 silly audit   '@unrs/resolver-binding-darwin-arm64': [ '1.11.1' ],
175 silly audit   '@unrs/resolver-binding-darwin-x64': [ '1.11.1' ],
175 silly audit   '@unrs/resolver-binding-freebsd-x64': [ '1.11.1' ],
175 silly audit   '@unrs/resolver-binding-linux-arm-gnueabihf': [ '1.11.1' ],
175 silly audit   '@unrs/resolver-binding-linux-arm-musleabihf': [ '1.11.1' ],
175 silly audit   '@unrs/resolver-binding-linux-arm64-gnu': [ '1.11.1' ],
175 silly audit   '@unrs/resolver-binding-linux-arm64-musl': [ '1.11.1' ],
175 silly audit   '@unrs/resolver-binding-linux-ppc64-gnu': [ '1.11.1' ],
175 silly audit   '@unrs/resolver-binding-linux-riscv64-gnu': [ '1.11.1' ],
175 silly audit   '@unrs/resolver-binding-linux-riscv64-musl': [ '1.11.1' ],
175 silly audit   '@unrs/resolver-binding-linux-s390x-gnu': [ '1.11.1' ],
175 silly audit   '@unrs/resolver-binding-linux-x64-gnu': [ '1.11.1' ],
175 silly audit   '@unrs/resolver-binding-linux-x64-musl': [ '1.11.1' ],
175 silly audit   '@unrs/resolver-binding-wasm32-wasi': [ '1.11.1' ],
175 silly audit   '@unrs/resolver-binding-win32-arm64-msvc': [ '1.11.1' ],
175 silly audit   '@unrs/resolver-binding-win32-ia32-msvc': [ '1.11.1' ],
175 silly audit   '@unrs/resolver-binding-win32-x64-msvc': [ '1.11.1' ],
175 silly audit   acorn: [ '8.15.0' ],
175 silly audit   'acorn-jsx': [ '5.3.2' ],
175 silly audit   'adler-32': [ '1.3.1' ],
175 silly audit   ajv: [ '6.12.6' ],
175 silly audit   'ansi-styles': [ '4.3.0' ],
175 silly audit   argparse: [ '2.0.1' ],
175 silly audit   'aria-query': [ '5.3.2' ],
175 silly audit   'array-buffer-byte-length': [ '1.0.2' ],
175 silly audit   'array-includes': [ '3.1.9' ],
175 silly audit   'array.prototype.findlast': [ '1.2.5' ],
175 silly audit   'array.prototype.findlastindex': [ '1.2.6' ],
175 silly audit   'array.prototype.flat': [ '1.3.3' ],
175 silly audit   'array.prototype.flatmap': [ '1.3.3' ],
175 silly audit   'array.prototype.tosorted': [ '1.1.4' ],
175 silly audit   'arraybuffer.prototype.slice': [ '1.0.4' ],
175 silly audit   'ast-types-flow': [ '0.0.8' ],
175 silly audit   'async-function': [ '1.0.0' ],
175 silly audit   autoprefixer: [ '10.4.23' ],
175 silly audit   'available-typed-arrays': [ '1.0.7' ],
175 silly audit   'aws-ssl-profiles': [ '1.1.2' ],
175 silly audit   'axe-core': [ '4.11.1' ],
175 silly audit   'axobject-query': [ '4.1.0' ],
175 silly audit   'balanced-match': [ '1.0.2' ],
175 silly audit   'baseline-browser-mapping': [ '2.9.14' ],
175 silly audit   bcryptjs: [ '3.0.3' ],
175 silly audit   braces: [ '3.0.3' ],
175 silly audit   browserslist: [ '4.28.1' ],
175 silly audit   c12: [ '3.1.0' ],
175 silly audit   'call-bind': [ '1.0.8' ],
175 silly audit   'call-bind-apply-helpers': [ '1.0.2' ],
175 silly audit   'call-bound': [ '1.0.4' ],
175 silly audit   callsites: [ '3.1.0' ],
175 silly audit   'caniuse-lite': [ '1.0.30001764' ],
175 silly audit   cfb: [ '1.2.2' ],
175 silly audit   chalk: [ '4.1.2' ],
175 silly audit   chevrotain: [ '10.5.0' ],
175 silly audit   chokidar: [ '4.0.3' ],
175 silly audit   citty: [ '0.1.6' ],
175 silly audit   'client-only': [ '0.0.1' ],
175 silly audit   codepage: [ '1.15.0' ],
175 silly audit   'color-convert': [ '2.0.1' ],
175 silly audit   'color-name': [ '1.1.4' ],
175 silly audit   'concat-map': [ '0.0.1' ],
175 silly audit   confbox: [ '0.2.2' ],
175 silly audit   consola: [ '3.4.2' ],
175 silly audit   'convert-source-map': [ '2.0.0' ],
175 silly audit   cookie: [ '0.7.2' ],
175 silly audit   'crc-32': [ '1.2.2' ],
175 silly audit   'cross-spawn': [ '7.0.6' ],
175 silly audit   csstype: [ '3.2.3' ],
175 silly audit   'damerau-levenshtein': [ '1.0.8' ],
175 silly audit   'data-view-buffer': [ '1.0.2' ],
175 silly audit   'data-view-byte-length': [ '1.0.2' ],
175 silly audit   'data-view-byte-offset': [ '1.0.1' ],
175 silly audit   debug: [ '4.4.3', '3.2.7' ],
175 silly audit   'deep-is': [ '0.1.4' ],
175 silly audit   'deepmerge-ts': [ '7.1.5' ],
175 silly audit   'define-data-property': [ '1.1.4' ],
175 silly audit   'define-properties': [ '1.2.1' ],
175 silly audit   defu: [ '6.1.4' ],
175 silly audit   denque: [ '2.1.0' ],
175 silly audit   destr: [ '2.0.5' ],
175 silly audit   'detect-libc': [ '2.1.2' ],
175 silly audit   dotenv: [ '16.6.1' ],
175 silly audit   'dunder-proto': [ '1.0.1' ],
175 silly audit   effect: [ '3.18.4' ],
175 silly audit   'electron-to-chromium': [ '1.5.267' ],
175 silly audit   'emoji-regex': [ '9.2.2' ],
175 silly audit   empathic: [ '2.0.0' ],
175 silly audit   'es-abstract': [ '1.24.1' ],
175 silly audit   'es-define-property': [ '1.0.1' ],
175 silly audit   'es-errors': [ '1.3.0' ],
175 silly audit   'es-iterator-helpers': [ '1.2.2' ],
175 silly audit   'es-object-atoms': [ '1.1.1' ],
175 silly audit   'es-set-tostringtag': [ '2.1.0' ],
175 silly audit   'es-shim-unscopables': [ '1.1.0' ],
175 silly audit   'es-to-primitive': [ '1.3.0' ],
175 silly audit   esbuild: [ '0.27.2' ],
175 silly audit   escalade: [ '3.2.0' ],
175 silly audit   'escape-string-regexp': [ '4.0.0' ],
175 silly audit   eslint: [ '9.39.2' ],
175 silly audit   'eslint-config-next': [ '16.1.1' ],
175 silly audit   globals: [ '16.4.0', '14.0.0' ],
175 silly audit   'eslint-import-resolver-node': [ '0.3.9' ],
175 silly audit   'eslint-import-resolver-typescript': [ '3.10.1' ],
175 silly audit   'eslint-module-utils': [ '2.12.1' ],
175 silly audit   'eslint-plugin-import': [ '2.32.0' ],
175 silly audit   doctrine: [ '2.1.0' ],
175 silly audit   'eslint-plugin-jsx-a11y': [ '6.10.2' ],
175 silly audit   'eslint-plugin-react': [ '7.37.5' ],
175 silly audit   'eslint-plugin-react-hooks': [ '7.0.1' ],
175 silly audit   resolve: [ '2.0.0-next.5', '1.22.11' ],
175 silly audit   'eslint-scope': [ '8.4.0' ],
175 silly audit   espree: [ '10.4.0' ],
175 silly audit   esquery: [ '1.7.0' ],
175 silly audit   esrecurse: [ '4.3.0' ],
175 silly audit   estraverse: [ '5.3.0' ],
175 silly audit   esutils: [ '2.0.3' ],
175 silly audit   exsolve: [ '1.0.8' ],
175 silly audit   'fast-check': [ '3.23.2' ],
175 silly audit   'fast-deep-equal': [ '3.1.3' ],
175 silly audit   'fast-glob': [ '3.3.1' ],
175 silly audit   'glob-parent': [ '5.1.2', '6.0.2' ],
175 silly audit   'fast-json-stable-stringify': [ '2.1.0' ],
175 silly audit   'fast-levenshtein': [ '2.0.6' ],
175 silly audit   fastq: [ '1.20.1' ],
175 silly audit   'file-entry-cache': [ '8.0.0' ],
175 silly audit   'fill-range': [ '7.1.1' ],
175 silly audit   'find-up': [ '5.0.0' ],
175 silly audit   'flat-cache': [ '4.0.1' ],
175 silly audit   flatted: [ '3.3.3' ],
175 silly audit   'for-each': [ '0.3.5' ],
175 silly audit   'foreground-child': [ '3.3.1' ],
175 silly audit   frac: [ '1.1.2' ],
175 silly audit   'fraction.js': [ '5.3.4' ],
175 silly audit   fsevents: [ '2.3.3' ],
175 silly audit   'function-bind': [ '1.1.2' ],
175 silly audit   'function.prototype.name': [ '1.1.8' ],
175 silly audit   'functions-have-names': [ '1.2.3' ],
175 silly audit   'generate-function': [ '2.3.1' ],
175 silly audit   'generator-function': [ '2.0.1' ],
175 silly audit   gensync: [ '1.0.0-beta.2' ],
175 silly audit   'get-intrinsic': [ '1.3.0' ],
175 silly audit   'get-port-please': [ '3.1.2' ],
175 silly audit   'get-proto': [ '1.0.1' ],
175 silly audit   'get-symbol-description': [ '1.1.0' ],
175 silly audit   'get-tsconfig': [ '4.13.0' ],
175 silly audit   giget: [ '2.0.0' ],
175 silly audit   globalthis: [ '1.0.4' ],
175 silly audit   gopd: [ '1.2.0' ],
175 silly audit   'graceful-fs': [ '4.2.11' ],
175 silly audit   grammex: [ '3.1.12' ],
175 silly audit   'has-bigints': [ '1.1.0' ],
175 silly audit   'has-flag': [ '4.0.0' ],
175 silly audit   'has-property-descriptors': [ '1.0.2' ],
175 silly audit   'has-proto': [ '1.2.0' ],
175 silly audit   'has-symbols': [ '1.1.0' ],
175 silly audit   'has-tostringtag': [ '1.0.2' ],
175 silly audit   hasown: [ '2.0.2' ],
175 silly audit   'hermes-estree': [ '0.25.1' ],
175 silly audit   'hermes-parser': [ '0.25.1' ],
175 silly audit   hono: [ '4.10.6' ],
175 silly audit   'http-status-codes': [ '2.3.0' ],
175 silly audit   'iconv-lite': [ '0.7.2' ],
175 silly audit   'import-fresh': [ '3.3.1' ],
175 silly audit   imurmurhash: [ '0.1.4' ],
175 silly audit   'internal-slot': [ '1.1.0' ],
175 silly audit   'is-array-buffer': [ '3.0.5' ],
175 silly audit   'is-async-function': [ '2.1.1' ],
175 silly audit   'is-bigint': [ '1.1.0' ],
175 silly audit   'is-boolean-object': [ '1.2.2' ],
175 silly audit   'is-bun-module': [ '2.0.0' ],
175 silly audit   'is-callable': [ '1.2.7' ],
175 silly audit   'is-core-module': [ '2.16.1' ],
175 silly audit   'is-data-view': [ '1.0.2' ],
175 silly audit   'is-date-object': [ '1.1.0' ],
175 silly audit   'is-extglob': [ '2.1.1' ],
175 silly audit   'is-finalizationregistry': [ '1.1.1' ],
175 silly audit   'is-generator-function': [ '1.1.2' ],
175 silly audit   'is-glob': [ '4.0.3' ],
175 silly audit   'is-map': [ '2.0.3' ],
175 silly audit   'is-negative-zero': [ '2.0.3' ],
175 silly audit   'is-number': [ '7.0.0' ],
175 silly audit   'is-number-object': [ '1.1.1' ],
175 silly audit   'is-property': [ '1.0.2' ],
175 silly audit   'is-regex': [ '1.2.1' ],
175 silly audit   'is-set': [ '2.0.3' ],
175 silly audit   'is-shared-array-buffer': [ '1.0.4' ],
175 silly audit   'is-string': [ '1.1.1' ],
175 silly audit   'is-symbol': [ '1.1.1' ],
175 silly audit   'is-typed-array': [ '1.1.15' ],
175 silly audit   'is-weakmap': [ '2.0.2' ],
175 silly audit   'is-weakref': [ '1.1.1' ],
175 silly audit   'is-weakset': [ '2.0.4' ],
175 silly audit   isarray: [ '2.0.5' ],
175 silly audit   isexe: [ '2.0.0' ],
175 silly audit   'iterator.prototype': [ '1.1.5' ],
175 silly audit   jiti: [ '2.6.1' ],
175 silly audit   jose: [ '4.15.9' ],
175 silly audit   'js-tokens': [ '4.0.0' ],
175 silly audit   'js-yaml': [ '4.1.1' ],
175 silly audit   jsesc: [ '3.1.0' ],
175 silly audit   'json-buffer': [ '3.0.1' ],
175 silly audit   'json-schema-traverse': [ '0.4.1' ],
175 silly audit   'json-stable-stringify-without-jsonify': [ '1.0.1' ],
175 silly audit   'jsx-ast-utils': [ '3.3.5' ],
175 silly audit   keyv: [ '4.5.4' ],
175 silly audit   'language-subtag-registry': [ '0.3.23' ],
175 silly audit   'language-tags': [ '1.0.9' ],
175 silly audit   levn: [ '0.4.1' ],
175 silly audit   lilconfig: [ '2.1.0' ],
175 silly audit   'locate-path': [ '6.0.0' ],
175 silly audit   lodash: [ '4.17.21' ],
175 silly audit   'lodash.merge': [ '4.6.2' ],
175 silly audit   long: [ '5.3.2' ],
175 silly audit   'loose-envify': [ '1.4.0' ],
175 silly audit   'lru.min': [ '1.1.3' ],
175 silly audit   'lucide-react': [ '0.562.0' ],
175 silly audit   'math-intrinsics': [ '1.1.0' ],
175 silly audit   merge2: [ '1.4.1' ],
175 silly audit   micromatch: [ '4.0.8' ],
175 silly audit   minimist: [ '1.2.8' ],
175 silly audit   ms: [ '2.1.3' ],
175 silly audit   mysql2: [ '3.15.3' ],
175 silly audit   'named-placeholders': [ '1.1.6' ],
175 silly audit   nanoid: [ '3.3.11' ],
175 silly audit   'napi-postinstall': [ '0.3.4' ],
175 silly audit   'natural-compare': [ '1.4.0' ],
175 silly audit   next: [ '16.1.1' ],
175 silly audit   'next-auth': [ '4.24.13' ],
175 silly audit   postcss: [ '8.4.31', '8.5.6' ],
175 silly audit   'node-fetch-native': [ '1.6.7' ],
175 silly audit   'node-releases': [ '2.0.27' ],
175 silly audit   nypm: [ '0.6.2' ],
175 silly audit   oauth: [ '0.9.15' ],
175 silly audit   'object-assign': [ '4.1.1' ],
175 silly audit   'object-hash': [ '2.2.0' ],
175 silly audit   'object-inspect': [ '1.13.4' ],
175 silly audit   'object-keys': [ '1.1.1' ],
175 silly audit   'object.assign': [ '4.1.7' ],
175 silly audit   'object.entries': [ '1.1.9' ],
175 silly audit   'object.fromentries': [ '2.0.8' ],
175 silly audit   'object.groupby': [ '1.0.3' ],
175 silly audit   'object.values': [ '1.2.1' ],
175 silly audit   ohash: [ '2.0.11' ],
175 silly audit   'oidc-token-hash': [ '5.2.0' ],
175 silly audit   'openid-client': [ '5.7.1' ],
175 silly audit   optionator: [ '0.9.4' ],
175 silly audit   'own-keys': [ '1.0.1' ],
175 silly audit   'p-limit': [ '3.1.0' ],
175 silly audit   'p-locate': [ '5.0.0' ],
175 silly audit   'parent-module': [ '1.0.1' ],
175 silly audit   'path-exists': [ '4.0.0' ],
175 silly audit   'path-key': [ '3.1.1' ],
175 silly audit   'path-parse': [ '1.0.7' ],
175 silly audit   pathe: [ '2.0.3' ],
175 silly audit   'perfect-debounce': [ '1.0.0' ],
175 silly audit   picocolors: [ '1.1.1' ],
175 silly audit   picomatch: [ '2.3.1', '4.0.3' ],
175 silly audit   'pkg-types': [ '2.3.0' ],
175 silly audit   'possible-typed-array-names': [ '1.1.0' ],
175 silly audit   'postcss-value-parser': [ '4.2.0' ],
175 silly audit   postgres: [ '3.4.7' ],
175 silly audit   preact: [ '10.28.2' ],
175 silly audit   'preact-render-to-string': [ '5.2.6' ],
175 silly audit   'prelude-ls': [ '1.2.1' ],
175 silly audit   'pretty-format': [ '3.8.0' ],
175 silly audit   prisma: [ '7.2.0' ],
175 silly audit   'prop-types': [ '15.8.1' ],
175 silly audit   'proper-lockfile': [ '4.1.2' ],
175 silly audit   'signal-exit': [ '3.0.7', '4.1.0' ],
175 silly audit   punycode: [ '2.3.1' ],
175 silly audit   'pure-rand': [ '6.1.0' ],
175 silly audit   'queue-microtask': [ '1.2.3' ],
175 silly audit   rc9: [ '2.1.2' ],
175 silly audit   react: [ '19.2.3' ],
175 silly audit   'react-dom': [ '19.2.3' ],
175 silly audit   'react-is': [ '16.13.1' ],
175 silly audit   readdirp: [ '4.1.2' ],
175 silly audit   'reflect.getprototypeof': [ '1.0.10' ],
175 silly audit   'regexp-to-ast': [ '0.5.0' ],
175 silly audit   'regexp.prototype.flags': [ '1.5.4' ],
175 silly audit   remeda: [ '2.21.3' ],
175 silly audit   'resolve-from': [ '4.0.0' ],
175 silly audit   'resolve-pkg-maps': [ '1.0.0' ],
175 silly audit   retry: [ '0.12.0' ],
175 silly audit   reusify: [ '1.1.0' ],
175 silly audit   'run-parallel': [ '1.2.0' ],
175 silly audit   'safe-array-concat': [ '1.1.3' ],
175 silly audit   'safe-push-apply': [ '1.0.0' ],
175 silly audit   'safe-regex-test': [ '1.1.0' ],
175 silly audit   'safer-buffer': [ '2.1.2' ],
175 silly audit   scheduler: [ '0.27.0' ],
175 silly audit   'seq-queue': [ '0.0.5' ],
175 silly audit   'set-function-length': [ '1.2.2' ],
175 silly audit   'set-function-name': [ '2.0.2' ],
175 silly audit   'set-proto': [ '1.0.0' ],
175 silly audit   sharp: [ '0.34.5' ],
175 silly audit   'shebang-command': [ '2.0.0' ],
175 silly audit   'shebang-regex': [ '3.0.0' ],
175 silly audit   'side-channel': [ '1.1.0' ],
175 silly audit   'side-channel-list': [ '1.0.0' ],
175 silly audit   'side-channel-map': [ '1.0.1' ],
175 silly audit   'side-channel-weakmap': [ '1.0.2' ],
175 silly audit   'source-map-js': [ '1.2.1' ],
175 silly audit   sqlstring: [ '2.3.3' ],
175 silly audit   ssf: [ '0.11.2' ],
175 silly audit   'stable-hash': [ '0.0.5' ],
175 silly audit   'std-env': [ '3.9.0' ],
175 silly audit   'stop-iteration-iterator': [ '1.1.0' ],
175 silly audit   'string.prototype.includes': [ '2.0.1' ],
175 silly audit   'string.prototype.matchall': [ '4.0.12' ],
175 silly audit   'string.prototype.repeat': [ '1.0.0' ],
175 silly audit   'string.prototype.trim': [ '1.2.10' ],
175 silly audit   'string.prototype.trimend': [ '1.0.9' ],
175 silly audit   'string.prototype.trimstart': [ '1.0.8' ],
175 silly audit   'strip-bom': [ '3.0.0' ],
175 silly audit   'strip-json-comments': [ '3.1.1' ],
175 silly audit   'styled-jsx': [ '5.1.6' ],
175 silly audit   'supports-color': [ '7.2.0' ],
175 silly audit   'supports-preserve-symlinks-flag': [ '1.0.0' ],
175 silly audit   tailwindcss: [ '4.1.18' ],
175 silly audit   tinyexec: [ '1.0.2' ],
175 silly audit   tinyglobby: [ '0.2.15' ],
175 silly audit   fdir: [ '6.5.0' ],
175 silly audit   'to-regex-range': [ '5.0.1' ],
175 silly audit   'ts-api-utils': [ '2.4.0' ],
175 silly audit   'tsconfig-paths': [ '3.15.0' ],
175 silly audit   tslib: [ '2.8.1' ],
175 silly audit   tsx: [ '4.21.0' ],
175 silly audit   'type-check': [ '0.4.0' ],
175 silly audit   'type-fest': [ '4.41.0' ],
175 silly audit   'typed-array-buffer': [ '1.0.3' ],
175 silly audit   'typed-array-byte-length': [ '1.0.3' ],
175 silly audit   'typed-array-byte-offset': [ '1.0.4' ],
175 silly audit   'typed-array-length': [ '1.0.7' ],
175 silly audit   typescript: [ '5.9.3' ],
175 silly audit   'typescript-eslint': [ '8.53.0' ],
175 silly audit   'unbox-primitive': [ '1.1.0' ],
175 silly audit   'undici-types': [ '7.16.0' ],
175 silly audit   'unrs-resolver': [ '1.11.1' ],
175 silly audit   'update-browserslist-db': [ '1.2.3' ],
175 silly audit   'uri-js': [ '4.4.1' ],
175 silly audit   uuid: [ '8.3.2' ],
175 silly audit   valibot: [ '1.2.0' ],
175 silly audit   which: [ '2.0.2' ],
175 silly audit   'which-boxed-primitive': [ '1.1.1' ],
175 silly audit   'which-builtin-type': [ '1.2.1' ],
175 silly audit   'which-collection': [ '1.0.2' ],
175 silly audit   'which-typed-array': [ '1.1.19' ],
175 silly audit   wmf: [ '1.0.2' ],
175 silly audit   word: [ '0.3.0' ],
175 silly audit   'word-wrap': [ '1.2.5' ],
175 silly audit   xlsx: [ '0.18.5' ],
175 silly audit   'yocto-queue': [ '0.1.0' ],
175 silly audit   zeptomatch: [ '2.0.2' ],
175 silly audit   zod: [ '4.3.5' ],
175 silly audit   'zod-validation-error': [ '4.0.2' ],
175 silly audit   '@tailwindcss/postcss': [ '4.1.18' ],
175 silly audit   '@alloc/quick-lru': [ '5.2.0' ],
175 silly audit   '@tailwindcss/node': [ '4.1.18' ],
175 silly audit   '@tailwindcss/oxide': [ '4.1.18' ],
175 silly audit   'enhanced-resolve': [ '5.18.4' ],
175 silly audit   lightningcss: [ '1.30.2' ],
175 silly audit   'magic-string': [ '0.30.21' ],
175 silly audit   '@tailwindcss/oxide-android-arm64': [ '4.1.18' ],
175 silly audit   '@tailwindcss/oxide-darwin-arm64': [ '4.1.18' ],
175 silly audit   '@tailwindcss/oxide-darwin-x64': [ '4.1.18' ],
175 silly audit   '@tailwindcss/oxide-freebsd-x64': [ '4.1.18' ],
175 silly audit   '@tailwindcss/oxide-linux-arm-gnueabihf': [ '4.1.18' ],
175 silly audit   '@tailwindcss/oxide-linux-arm64-gnu': [ '4.1.18' ],
175 silly audit   '@tailwindcss/oxide-linux-arm64-musl': [ '4.1.18' ],
175 silly audit   '@tailwindcss/oxide-linux-x64-gnu': [ '4.1.18' ],
175 silly audit   '@tailwindcss/oxide-linux-x64-musl': [ '4.1.18' ],
175 silly audit   '@tailwindcss/oxide-win32-arm64-msvc': [ '4.1.18' ],
175 silly audit   '@tailwindcss/oxide-win32-x64-msvc': [ '4.1.18' ],
175 silly audit   tapable: [ '2.3.0' ],
175 silly audit   'lightningcss-android-arm64': [ '1.30.2' ],
175 silly audit   'lightningcss-darwin-arm64': [ '1.30.2' ],
175 silly audit   'lightningcss-darwin-x64': [ '1.30.2' ],
175 silly audit   'lightningcss-freebsd-x64': [ '1.30.2' ],
175 silly audit   'lightningcss-linux-arm-gnueabihf': [ '1.30.2' ],
175 silly audit   'lightningcss-linux-arm64-gnu': [ '1.30.2' ],
175 silly audit   'lightningcss-linux-arm64-musl': [ '1.30.2' ],
175 silly audit   'lightningcss-linux-x64-gnu': [ '1.30.2' ],
175 silly audit   'lightningcss-linux-x64-musl': [ '1.30.2' ],
175 silly audit   'lightningcss-win32-arm64-msvc': [ '1.30.2' ],
175 silly audit   'lightningcss-win32-x64-msvc': [ '1.30.2' ],
175 silly audit   '@tailwindcss/oxide-wasm32-wasi': [ '4.1.18' ]
175 silly audit }
176 verbose reify failed optional dependency /Users/bruce/Projects/iris_notes/node_modules/lightningcss-win32-x64-msvc
177 silly reify mark deleted [
177 silly reify   '/Users/bruce/Projects/iris_notes/node_modules/lightningcss-win32-x64-msvc'
177 silly reify ]
178 verbose reify failed optional dependency /Users/bruce/Projects/iris_notes/node_modules/lightningcss-win32-arm64-msvc
179 silly reify mark deleted [
179 silly reify   '/Users/bruce/Projects/iris_notes/node_modules/lightningcss-win32-arm64-msvc'
179 silly reify ]
180 verbose reify failed optional dependency /Users/bruce/Projects/iris_notes/node_modules/lightningcss-linux-x64-musl
181 silly reify mark deleted [
181 silly reify   '/Users/bruce/Projects/iris_notes/node_modules/lightningcss-linux-x64-musl'
181 silly reify ]
182 verbose reify failed optional dependency /Users/bruce/Projects/iris_notes/node_modules/lightningcss-linux-x64-gnu
183 silly reify mark deleted [
183 silly reify   '/Users/bruce/Projects/iris_notes/node_modules/lightningcss-linux-x64-gnu'
183 silly reify ]
184 verbose reify failed optional dependency /Users/bruce/Projects/iris_notes/node_modules/lightningcss-linux-arm64-musl
185 silly reify mark deleted [
185 silly reify   '/Users/bruce/Projects/iris_notes/node_modules/lightningcss-linux-arm64-musl'
185 silly reify ]
186 verbose reify failed optional dependency /Users/bruce/Projects/iris_notes/node_modules/lightningcss-linux-arm64-gnu
187 silly reify mark deleted [
187 silly reify   '/Users/bruce/Projects/iris_notes/node_modules/lightningcss-linux-arm64-gnu'
187 silly reify ]
188 verbose reify failed optional dependency /Users/bruce/Projects/iris_notes/node_modules/lightningcss-linux-arm-gnueabihf
189 silly reify mark deleted [
189 silly reify   '/Users/bruce/Projects/iris_notes/node_modules/lightningcss-linux-arm-gnueabihf'
189 silly reify ]
190 verbose reify failed optional dependency /Users/bruce/Projects/iris_notes/node_modules/lightningcss-freebsd-x64
191 silly reify mark deleted [
191 silly reify   '/Users/bruce/Projects/iris_notes/node_modules/lightningcss-freebsd-x64'
191 silly reify ]
192 verbose reify failed optional dependency /Users/bruce/Projects/iris_notes/node_modules/lightningcss-darwin-x64
193 silly reify mark deleted [
193 silly reify   '/Users/bruce/Projects/iris_notes/node_modules/lightningcss-darwin-x64'
193 silly reify ]
194 verbose reify failed optional dependency /Users/bruce/Projects/iris_notes/node_modules/lightningcss-android-arm64
195 silly reify mark deleted [
195 silly reify   '/Users/bruce/Projects/iris_notes/node_modules/lightningcss-android-arm64'
195 silly reify ]
196 verbose reify failed optional dependency /Users/bruce/Projects/iris_notes/node_modules/@tailwindcss/oxide-win32-x64-msvc
197 silly reify mark deleted [
197 silly reify   '/Users/bruce/Projects/iris_notes/node_modules/@tailwindcss/oxide-win32-x64-msvc'
197 silly reify ]
198 verbose reify failed optional dependency /Users/bruce/Projects/iris_notes/node_modules/@tailwindcss/oxide-win32-arm64-msvc
199 silly reify mark deleted [
199 silly reify   '/Users/bruce/Projects/iris_notes/node_modules/@tailwindcss/oxide-win32-arm64-msvc'
199 silly reify ]
200 verbose reify failed optional dependency /Users/bruce/Projects/iris_notes/node_modules/@tailwindcss/oxide-linux-x64-musl
201 silly reify mark deleted [
201 silly reify   '/Users/bruce/Projects/iris_notes/node_modules/@tailwindcss/oxide-linux-x64-musl'
201 silly reify ]
202 verbose reify failed optional dependency /Users/bruce/Projects/iris_notes/node_modules/@tailwindcss/oxide-linux-x64-gnu
203 silly reify mark deleted [
203 silly reify   '/Users/bruce/Projects/iris_notes/node_modules/@tailwindcss/oxide-linux-x64-gnu'
203 silly reify ]
204 verbose reify failed optional dependency /Users/bruce/Projects/iris_notes/node_modules/@tailwindcss/oxide-linux-arm64-musl
205 silly reify mark deleted [
205 silly reify   '/Users/bruce/Projects/iris_notes/node_modules/@tailwindcss/oxide-linux-arm64-musl'
205 silly reify ]
206 verbose reify failed optional dependency /Users/bruce/Projects/iris_notes/node_modules/@tailwindcss/oxide-linux-arm64-gnu
207 silly reify mark deleted [
207 silly reify   '/Users/bruce/Projects/iris_notes/node_modules/@tailwindcss/oxide-linux-arm64-gnu'
207 silly reify ]
208 verbose reify failed optional dependency /Users/bruce/Projects/iris_notes/node_modules/@tailwindcss/oxide-linux-arm-gnueabihf
209 silly reify mark deleted [
209 silly reify   '/Users/bruce/Projects/iris_notes/node_modules/@tailwindcss/oxide-linux-arm-gnueabihf'
209 silly reify ]
210 verbose reify failed optional dependency /Users/bruce/Projects/iris_notes/node_modules/@tailwindcss/oxide-freebsd-x64
211 silly reify mark deleted [
211 silly reify   '/Users/bruce/Projects/iris_notes/node_modules/@tailwindcss/oxide-freebsd-x64'
211 silly reify ]
212 verbose reify failed optional dependency /Users/bruce/Projects/iris_notes/node_modules/@tailwindcss/oxide-darwin-x64
213 silly reify mark deleted [
213 silly reify   '/Users/bruce/Projects/iris_notes/node_modules/@tailwindcss/oxide-darwin-x64'
213 silly reify ]
214 verbose reify failed optional dependency /Users/bruce/Projects/iris_notes/node_modules/@tailwindcss/oxide-android-arm64
215 silly reify mark deleted [
215 silly reify   '/Users/bruce/Projects/iris_notes/node_modules/@tailwindcss/oxide-android-arm64'
215 silly reify ]
216 verbose reify failed optional dependency /Users/bruce/Projects/iris_notes/node_modules/@unrs/resolver-binding-win32-x64-msvc
217 silly reify mark deleted [
217 silly reify   '/Users/bruce/Projects/iris_notes/node_modules/@unrs/resolver-binding-win32-x64-msvc'
217 silly reify ]
218 verbose reify failed optional dependency /Users/bruce/Projects/iris_notes/node_modules/@unrs/resolver-binding-win32-ia32-msvc
219 silly reify mark deleted [
219 silly reify   '/Users/bruce/Projects/iris_notes/node_modules/@unrs/resolver-binding-win32-ia32-msvc'
219 silly reify ]
220 verbose reify failed optional dependency /Users/bruce/Projects/iris_notes/node_modules/@unrs/resolver-binding-win32-arm64-msvc
221 silly reify mark deleted [
221 silly reify   '/Users/bruce/Projects/iris_notes/node_modules/@unrs/resolver-binding-win32-arm64-msvc'
221 silly reify ]
222 verbose reify failed optional dependency /Users/bruce/Projects/iris_notes/node_modules/@unrs/resolver-binding-wasm32-wasi
223 silly reify mark deleted [
223 silly reify   '/Users/bruce/Projects/iris_notes/node_modules/@unrs/resolver-binding-wasm32-wasi'
223 silly reify ]
224 verbose reify failed optional dependency /Users/bruce/Projects/iris_notes/node_modules/@unrs/resolver-binding-linux-x64-musl
225 silly reify mark deleted [
225 silly reify   '/Users/bruce/Projects/iris_notes/node_modules/@unrs/resolver-binding-linux-x64-musl'
225 silly reify ]
226 verbose reify failed optional dependency /Users/bruce/Projects/iris_notes/node_modules/@unrs/resolver-binding-linux-x64-gnu
227 silly reify mark deleted [
227 silly reify   '/Users/bruce/Projects/iris_notes/node_modules/@unrs/resolver-binding-linux-x64-gnu'
227 silly reify ]
228 verbose reify failed optional dependency /Users/bruce/Projects/iris_notes/node_modules/@unrs/resolver-binding-linux-s390x-gnu
229 silly reify mark deleted [
229 silly reify   '/Users/bruce/Projects/iris_notes/node_modules/@unrs/resolver-binding-linux-s390x-gnu'
229 silly reify ]
230 verbose reify failed optional dependency /Users/bruce/Projects/iris_notes/node_modules/@unrs/resolver-binding-linux-riscv64-musl
231 silly reify mark deleted [
231 silly reify   '/Users/bruce/Projects/iris_notes/node_modules/@unrs/resolver-binding-linux-riscv64-musl'
231 silly reify ]
232 verbose reify failed optional dependency /Users/bruce/Projects/iris_notes/node_modules/@unrs/resolver-binding-linux-riscv64-gnu
233 silly reify mark deleted [
233 silly reify   '/Users/bruce/Projects/iris_notes/node_modules/@unrs/resolver-binding-linux-riscv64-gnu'
233 silly reify ]
234 verbose reify failed optional dependency /Users/bruce/Projects/iris_notes/node_modules/@unrs/resolver-binding-linux-ppc64-gnu
235 silly reify mark deleted [
235 silly reify   '/Users/bruce/Projects/iris_notes/node_modules/@unrs/resolver-binding-linux-ppc64-gnu'
235 silly reify ]
236 verbose reify failed optional dependency /Users/bruce/Projects/iris_notes/node_modules/@unrs/resolver-binding-linux-arm64-musl
237 silly reify mark deleted [
237 silly reify   '/Users/bruce/Projects/iris_notes/node_modules/@unrs/resolver-binding-linux-arm64-musl'
237 silly reify ]
238 verbose reify failed optional dependency /Users/bruce/Projects/iris_notes/node_modules/@unrs/resolver-binding-linux-arm64-gnu
239 silly reify mark deleted [
239 silly reify   '/Users/bruce/Projects/iris_notes/node_modules/@unrs/resolver-binding-linux-arm64-gnu'
239 silly reify ]
240 verbose reify failed optional dependency /Users/bruce/Projects/iris_notes/node_modules/@unrs/resolver-binding-linux-arm-musleabihf
241 silly reify mark deleted [
241 silly reify   '/Users/bruce/Projects/iris_notes/node_modules/@unrs/resolver-binding-linux-arm-musleabihf'
241 silly reify ]
242 verbose reify failed optional dependency /Users/bruce/Projects/iris_notes/node_modules/@unrs/resolver-binding-linux-arm-gnueabihf
243 silly reify mark deleted [
243 silly reify   '/Users/bruce/Projects/iris_notes/node_modules/@unrs/resolver-binding-linux-arm-gnueabihf'
243 silly reify ]
244 verbose reify failed optional dependency /Users/bruce/Projects/iris_notes/node_modules/@unrs/resolver-binding-freebsd-x64
245 silly reify mark deleted [
245 silly reify   '/Users/bruce/Projects/iris_notes/node_modules/@unrs/resolver-binding-freebsd-x64'
245 silly reify ]
246 verbose reify failed optional dependency /Users/bruce/Projects/iris_notes/node_modules/@unrs/resolver-binding-darwin-x64
247 silly reify mark deleted [
247 silly reify   '/Users/bruce/Projects/iris_notes/node_modules/@unrs/resolver-binding-darwin-x64'
247 silly reify ]
248 verbose reify failed optional dependency /Users/bruce/Projects/iris_notes/node_modules/@unrs/resolver-binding-android-arm64
249 silly reify mark deleted [
249 silly reify   '/Users/bruce/Projects/iris_notes/node_modules/@unrs/resolver-binding-android-arm64'
249 silly reify ]
250 verbose reify failed optional dependency /Users/bruce/Projects/iris_notes/node_modules/@unrs/resolver-binding-android-arm-eabi
251 silly reify mark deleted [
251 silly reify   '/Users/bruce/Projects/iris_notes/node_modules/@unrs/resolver-binding-android-arm-eabi'
251 silly reify ]
252 verbose reify failed optional dependency /Users/bruce/Projects/iris_notes/node_modules/@next/swc-win32-x64-msvc
253 silly reify mark deleted [
253 silly reify   '/Users/bruce/Projects/iris_notes/node_modules/@next/swc-win32-x64-msvc'
253 silly reify ]
254 verbose reify failed optional dependency /Users/bruce/Projects/iris_notes/node_modules/@next/swc-win32-arm64-msvc
255 silly reify mark deleted [
255 silly reify   '/Users/bruce/Projects/iris_notes/node_modules/@next/swc-win32-arm64-msvc'
255 silly reify ]
256 verbose reify failed optional dependency /Users/bruce/Projects/iris_notes/node_modules/@next/swc-linux-x64-musl
257 silly reify mark deleted [
257 silly reify   '/Users/bruce/Projects/iris_notes/node_modules/@next/swc-linux-x64-musl'
257 silly reify ]
258 verbose reify failed optional dependency /Users/bruce/Projects/iris_notes/node_modules/@next/swc-linux-x64-gnu
259 silly reify mark deleted [
259 silly reify   '/Users/bruce/Projects/iris_notes/node_modules/@next/swc-linux-x64-gnu'
259 silly reify ]
260 verbose reify failed optional dependency /Users/bruce/Projects/iris_notes/node_modules/@next/swc-linux-arm64-musl
261 silly reify mark deleted [
261 silly reify   '/Users/bruce/Projects/iris_notes/node_modules/@next/swc-linux-arm64-musl'
261 silly reify ]
262 verbose reify failed optional dependency /Users/bruce/Projects/iris_notes/node_modules/@next/swc-linux-arm64-gnu
263 silly reify mark deleted [
263 silly reify   '/Users/bruce/Projects/iris_notes/node_modules/@next/swc-linux-arm64-gnu'
263 silly reify ]
264 verbose reify failed optional dependency /Users/bruce/Projects/iris_notes/node_modules/@next/swc-darwin-x64
265 silly reify mark deleted [
265 silly reify   '/Users/bruce/Projects/iris_notes/node_modules/@next/swc-darwin-x64'
265 silly reify ]
266 verbose reify failed optional dependency /Users/bruce/Projects/iris_notes/node_modules/@img/sharp-win32-x64
267 silly reify mark deleted [
267 silly reify   '/Users/bruce/Projects/iris_notes/node_modules/@img/sharp-win32-x64'
267 silly reify ]
268 verbose reify failed optional dependency /Users/bruce/Projects/iris_notes/node_modules/@img/sharp-win32-ia32
269 silly reify mark deleted [
269 silly reify   '/Users/bruce/Projects/iris_notes/node_modules/@img/sharp-win32-ia32'
269 silly reify ]
270 verbose reify failed optional dependency /Users/bruce/Projects/iris_notes/node_modules/@img/sharp-win32-arm64
271 silly reify mark deleted [
271 silly reify   '/Users/bruce/Projects/iris_notes/node_modules/@img/sharp-win32-arm64'
271 silly reify ]
272 verbose reify failed optional dependency /Users/bruce/Projects/iris_notes/node_modules/@img/sharp-wasm32
273 silly reify mark deleted [ '/Users/bruce/Projects/iris_notes/node_modules/@img/sharp-wasm32' ]
274 verbose reify failed optional dependency /Users/bruce/Projects/iris_notes/node_modules/@img/sharp-linuxmusl-x64
275 silly reify mark deleted [
275 silly reify   '/Users/bruce/Projects/iris_notes/node_modules/@img/sharp-linuxmusl-x64'
275 silly reify ]
276 verbose reify failed optional dependency /Users/bruce/Projects/iris_notes/node_modules/@img/sharp-linuxmusl-arm64
277 silly reify mark deleted [
277 silly reify   '/Users/bruce/Projects/iris_notes/node_modules/@img/sharp-linuxmusl-arm64'
277 silly reify ]
278 verbose reify failed optional dependency /Users/bruce/Projects/iris_notes/node_modules/@img/sharp-linux-x64
279 silly reify mark deleted [
279 silly reify   '/Users/bruce/Projects/iris_notes/node_modules/@img/sharp-linux-x64'
279 silly reify ]
280 verbose reify failed optional dependency /Users/bruce/Projects/iris_notes/node_modules/@img/sharp-linux-s390x
281 silly reify mark deleted [
281 silly reify   '/Users/bruce/Projects/iris_notes/node_modules/@img/sharp-linux-s390x'
281 silly reify ]
282 verbose reify failed optional dependency /Users/bruce/Projects/iris_notes/node_modules/@img/sharp-linux-riscv64
283 silly reify mark deleted [
283 silly reify   '/Users/bruce/Projects/iris_notes/node_modules/@img/sharp-linux-riscv64'
283 silly reify ]
284 verbose reify failed optional dependency /Users/bruce/Projects/iris_notes/node_modules/@img/sharp-linux-ppc64
285 silly reify mark deleted [
285 silly reify   '/Users/bruce/Projects/iris_notes/node_modules/@img/sharp-linux-ppc64'
285 silly reify ]
286 verbose reify failed optional dependency /Users/bruce/Projects/iris_notes/node_modules/@img/sharp-linux-arm64
287 silly reify mark deleted [
287 silly reify   '/Users/bruce/Projects/iris_notes/node_modules/@img/sharp-linux-arm64'
287 silly reify ]
288 verbose reify failed optional dependency /Users/bruce/Projects/iris_notes/node_modules/@img/sharp-linux-arm
289 silly reify mark deleted [
289 silly reify   '/Users/bruce/Projects/iris_notes/node_modules/@img/sharp-linux-arm'
289 silly reify ]
290 verbose reify failed optional dependency /Users/bruce/Projects/iris_notes/node_modules/@img/sharp-libvips-linuxmusl-x64
291 silly reify mark deleted [
291 silly reify   '/Users/bruce/Projects/iris_notes/node_modules/@img/sharp-libvips-linuxmusl-x64'
291 silly reify ]
292 verbose reify failed optional dependency /Users/bruce/Projects/iris_notes/node_modules/@img/sharp-libvips-linuxmusl-arm64
293 silly reify mark deleted [
293 silly reify   '/Users/bruce/Projects/iris_notes/node_modules/@img/sharp-libvips-linuxmusl-arm64'
293 silly reify ]
294 verbose reify failed optional dependency /Users/bruce/Projects/iris_notes/node_modules/@img/sharp-libvips-linux-x64
295 silly reify mark deleted [
295 silly reify   '/Users/bruce/Projects/iris_notes/node_modules/@img/sharp-libvips-linux-x64'
295 silly reify ]
296 verbose reify failed optional dependency /Users/bruce/Projects/iris_notes/node_modules/@img/sharp-libvips-linux-s390x
297 silly reify mark deleted [
297 silly reify   '/Users/bruce/Projects/iris_notes/node_modules/@img/sharp-libvips-linux-s390x'
297 silly reify ]
298 verbose reify failed optional dependency /Users/bruce/Projects/iris_notes/node_modules/@img/sharp-libvips-linux-riscv64
299 silly reify mark deleted [
299 silly reify   '/Users/bruce/Projects/iris_notes/node_modules/@img/sharp-libvips-linux-riscv64'
299 silly reify ]
300 verbose reify failed optional dependency /Users/bruce/Projects/iris_notes/node_modules/@img/sharp-libvips-linux-ppc64
301 silly reify mark deleted [
301 silly reify   '/Users/bruce/Projects/iris_notes/node_modules/@img/sharp-libvips-linux-ppc64'
301 silly reify ]
302 verbose reify failed optional dependency /Users/bruce/Projects/iris_notes/node_modules/@img/sharp-libvips-linux-arm64
303 silly reify mark deleted [
303 silly reify   '/Users/bruce/Projects/iris_notes/node_modules/@img/sharp-libvips-linux-arm64'
303 silly reify ]
304 verbose reify failed optional dependency /Users/bruce/Projects/iris_notes/node_modules/@img/sharp-libvips-linux-arm
305 silly reify mark deleted [
305 silly reify   '/Users/bruce/Projects/iris_notes/node_modules/@img/sharp-libvips-linux-arm'
305 silly reify ]
306 verbose reify failed optional dependency /Users/bruce/Projects/iris_notes/node_modules/@img/sharp-libvips-darwin-x64
307 silly reify mark deleted [
307 silly reify   '/Users/bruce/Projects/iris_notes/node_modules/@img/sharp-libvips-darwin-x64'
307 silly reify ]
308 verbose reify failed optional dependency /Users/bruce/Projects/iris_notes/node_modules/@img/sharp-darwin-x64
309 silly reify mark deleted [
309 silly reify   '/Users/bruce/Projects/iris_notes/node_modules/@img/sharp-darwin-x64'
309 silly reify ]
310 verbose reify failed optional dependency /Users/bruce/Projects/iris_notes/node_modules/@esbuild/win32-x64
311 silly reify mark deleted [ '/Users/bruce/Projects/iris_notes/node_modules/@esbuild/win32-x64' ]
312 verbose reify failed optional dependency /Users/bruce/Projects/iris_notes/node_modules/@esbuild/win32-ia32
313 silly reify mark deleted [ '/Users/bruce/Projects/iris_notes/node_modules/@esbuild/win32-ia32' ]
314 verbose reify failed optional dependency /Users/bruce/Projects/iris_notes/node_modules/@esbuild/win32-arm64
315 silly reify mark deleted [
315 silly reify   '/Users/bruce/Projects/iris_notes/node_modules/@esbuild/win32-arm64'
315 silly reify ]
316 verbose reify failed optional dependency /Users/bruce/Projects/iris_notes/node_modules/@esbuild/sunos-x64
317 silly reify mark deleted [ '/Users/bruce/Projects/iris_notes/node_modules/@esbuild/sunos-x64' ]
318 verbose reify failed optional dependency /Users/bruce/Projects/iris_notes/node_modules/@esbuild/openharmony-arm64
319 silly reify mark deleted [
319 silly reify   '/Users/bruce/Projects/iris_notes/node_modules/@esbuild/openharmony-arm64'
319 silly reify ]
320 verbose reify failed optional dependency /Users/bruce/Projects/iris_notes/node_modules/@esbuild/openbsd-x64
321 silly reify mark deleted [
321 silly reify   '/Users/bruce/Projects/iris_notes/node_modules/@esbuild/openbsd-x64'
321 silly reify ]
322 verbose reify failed optional dependency /Users/bruce/Projects/iris_notes/node_modules/@esbuild/openbsd-arm64
323 silly reify mark deleted [
323 silly reify   '/Users/bruce/Projects/iris_notes/node_modules/@esbuild/openbsd-arm64'
323 silly reify ]
324 verbose reify failed optional dependency /Users/bruce/Projects/iris_notes/node_modules/@esbuild/netbsd-x64
325 silly reify mark deleted [ '/Users/bruce/Projects/iris_notes/node_modules/@esbuild/netbsd-x64' ]
326 verbose reify failed optional dependency /Users/bruce/Projects/iris_notes/node_modules/@esbuild/netbsd-arm64
327 silly reify mark deleted [
327 silly reify   '/Users/bruce/Projects/iris_notes/node_modules/@esbuild/netbsd-arm64'
327 silly reify ]
328 verbose reify failed optional dependency /Users/bruce/Projects/iris_notes/node_modules/@esbuild/linux-x64
329 silly reify mark deleted [ '/Users/bruce/Projects/iris_notes/node_modules/@esbuild/linux-x64' ]
330 verbose reify failed optional dependency /Users/bruce/Projects/iris_notes/node_modules/@esbuild/linux-s390x
331 silly reify mark deleted [
331 silly reify   '/Users/bruce/Projects/iris_notes/node_modules/@esbuild/linux-s390x'
331 silly reify ]
332 verbose reify failed optional dependency /Users/bruce/Projects/iris_notes/node_modules/@esbuild/linux-riscv64
333 silly reify mark deleted [
333 silly reify   '/Users/bruce/Projects/iris_notes/node_modules/@esbuild/linux-riscv64'
333 silly reify ]
334 verbose reify failed optional dependency /Users/bruce/Projects/iris_notes/node_modules/@esbuild/linux-ppc64
335 silly reify mark deleted [
335 silly reify   '/Users/bruce/Projects/iris_notes/node_modules/@esbuild/linux-ppc64'
335 silly reify ]
336 verbose reify failed optional dependency /Users/bruce/Projects/iris_notes/node_modules/@esbuild/linux-mips64el
337 silly reify mark deleted [
337 silly reify   '/Users/bruce/Projects/iris_notes/node_modules/@esbuild/linux-mips64el'
337 silly reify ]
338 verbose reify failed optional dependency /Users/bruce/Projects/iris_notes/node_modules/@esbuild/linux-loong64
339 silly reify mark deleted [
339 silly reify   '/Users/bruce/Projects/iris_notes/node_modules/@esbuild/linux-loong64'
339 silly reify ]
340 verbose reify failed optional dependency /Users/bruce/Projects/iris_notes/node_modules/@esbuild/linux-ia32
341 silly reify mark deleted [ '/Users/bruce/Projects/iris_notes/node_modules/@esbuild/linux-ia32' ]
342 verbose reify failed optional dependency /Users/bruce/Projects/iris_notes/node_modules/@esbuild/linux-arm64
343 silly reify mark deleted [
343 silly reify   '/Users/bruce/Projects/iris_notes/node_modules/@esbuild/linux-arm64'
343 silly reify ]
344 verbose reify failed optional dependency /Users/bruce/Projects/iris_notes/node_modules/@esbuild/linux-arm
345 silly reify mark deleted [ '/Users/bruce/Projects/iris_notes/node_modules/@esbuild/linux-arm' ]
346 verbose reify failed optional dependency /Users/bruce/Projects/iris_notes/node_modules/@esbuild/freebsd-x64
347 silly reify mark deleted [
347 silly reify   '/Users/bruce/Projects/iris_notes/node_modules/@esbuild/freebsd-x64'
347 silly reify ]
348 verbose reify failed optional dependency /Users/bruce/Projects/iris_notes/node_modules/@esbuild/freebsd-arm64
349 silly reify mark deleted [
349 silly reify   '/Users/bruce/Projects/iris_notes/node_modules/@esbuild/freebsd-arm64'
349 silly reify ]
350 verbose reify failed optional dependency /Users/bruce/Projects/iris_notes/node_modules/@esbuild/darwin-x64
351 silly reify mark deleted [ '/Users/bruce/Projects/iris_notes/node_modules/@esbuild/darwin-x64' ]
352 verbose reify failed optional dependency /Users/bruce/Projects/iris_notes/node_modules/@esbuild/android-x64
353 silly reify mark deleted [
353 silly reify   '/Users/bruce/Projects/iris_notes/node_modules/@esbuild/android-x64'
353 silly reify ]
354 verbose reify failed optional dependency /Users/bruce/Projects/iris_notes/node_modules/@esbuild/android-arm64
355 silly reify mark deleted [
355 silly reify   '/Users/bruce/Projects/iris_notes/node_modules/@esbuild/android-arm64'
355 silly reify ]
356 verbose reify failed optional dependency /Users/bruce/Projects/iris_notes/node_modules/@esbuild/android-arm
357 silly reify mark deleted [
357 silly reify   '/Users/bruce/Projects/iris_notes/node_modules/@esbuild/android-arm'
357 silly reify ]
358 verbose reify failed optional dependency /Users/bruce/Projects/iris_notes/node_modules/@esbuild/aix-ppc64
359 silly reify mark deleted [ '/Users/bruce/Projects/iris_notes/node_modules/@esbuild/aix-ppc64' ]
360 http cache magic-string@https://registry.npmjs.org/magic-string/-/magic-string-0.30.21.tgz 0ms (cache hit)
361 http cache tapable@https://registry.npmjs.org/tapable/-/tapable-2.3.0.tgz 0ms (cache hit)
362 http cache @tailwindcss/oxide@https://registry.npmjs.org/@tailwindcss/oxide/-/oxide-4.1.18.tgz 0ms (cache hit)
363 http cache lightningcss-darwin-arm64@https://registry.npmjs.org/lightningcss-darwin-arm64/-/lightningcss-darwin-arm64-1.30.2.tgz 0ms (cache hit)
364 http cache enhanced-resolve@https://registry.npmjs.org/enhanced-resolve/-/enhanced-resolve-5.18.4.tgz 0ms (cache hit)
365 http cache lightningcss@https://registry.npmjs.org/lightningcss/-/lightningcss-1.30.2.tgz 0ms (cache hit)
366 http cache @alloc/quick-lru@https://registry.npmjs.org/@alloc/quick-lru/-/quick-lru-5.2.0.tgz 0ms (cache hit)
367 http cache @tailwindcss/oxide-darwin-arm64@https://registry.npmjs.org/@tailwindcss/oxide-darwin-arm64/-/oxide-darwin-arm64-4.1.18.tgz 0ms (cache hit)
368 http cache @napi-rs/wasm-runtime@https://registry.npmjs.org/@napi-rs/wasm-runtime/-/wasm-runtime-0.2.12.tgz 0ms (cache hit)
369 http cache @tailwindcss/postcss@https://registry.npmjs.org/@tailwindcss/postcss/-/postcss-4.1.18.tgz 0ms (cache hit)
370 silly tarball no local data for magic-string@https://registry.npmjs.org/magic-string/-/magic-string-0.30.21.tgz. Extracting by manifest.
371 silly tarball no local data for tapable@https://registry.npmjs.org/tapable/-/tapable-2.3.0.tgz. Extracting by manifest.
372 http cache @emnapi/core@https://registry.npmjs.org/@emnapi/core/-/core-1.8.1.tgz 0ms (cache hit)
373 silly tarball no local data for @tailwindcss/oxide@https://registry.npmjs.org/@tailwindcss/oxide/-/oxide-4.1.18.tgz. Extracting by manifest.
374 http cache @tailwindcss/node@https://registry.npmjs.org/@tailwindcss/node/-/node-4.1.18.tgz 0ms (cache hit)
375 silly tarball no local data for lightningcss-darwin-arm64@https://registry.npmjs.org/lightningcss-darwin-arm64/-/lightningcss-darwin-arm64-1.30.2.tgz. Extracting by manifest.
376 http cache @tybys/wasm-util@https://registry.npmjs.org/@tybys/wasm-util/-/wasm-util-0.10.1.tgz 0ms (cache hit)
377 silly tarball no local data for enhanced-resolve@https://registry.npmjs.org/enhanced-resolve/-/enhanced-resolve-5.18.4.tgz. Extracting by manifest.
378 http cache @emnapi/wasi-threads@https://registry.npmjs.org/@emnapi/wasi-threads/-/wasi-threads-1.1.0.tgz 0ms (cache hit)
379 silly tarball no local data for lightningcss@https://registry.npmjs.org/lightningcss/-/lightningcss-1.30.2.tgz. Extracting by manifest.
380 silly tarball no local data for @alloc/quick-lru@https://registry.npmjs.org/@alloc/quick-lru/-/quick-lru-5.2.0.tgz. Extracting by manifest.
381 silly tarball no local data for @tailwindcss/oxide-darwin-arm64@https://registry.npmjs.org/@tailwindcss/oxide-darwin-arm64/-/oxide-darwin-arm64-4.1.18.tgz. Extracting by manifest.
382 silly tarball no local data for @tailwindcss/postcss@https://registry.npmjs.org/@tailwindcss/postcss/-/postcss-4.1.18.tgz. Extracting by manifest.
383 silly tarball no local data for @tailwindcss/node@https://registry.npmjs.org/@tailwindcss/node/-/node-4.1.18.tgz. Extracting by manifest.
384 http fetch GET 200 https://registry.npmjs.org/tapable/-/tapable-2.3.0.tgz 46ms (cache miss)
385 http fetch GET 200 https://registry.npmjs.org/@tailwindcss/postcss/-/postcss-4.1.18.tgz 149ms (cache miss)
386 http fetch GET 200 https://registry.npmjs.org/magic-string/-/magic-string-0.30.21.tgz 153ms (cache miss)
387 http fetch POST 200 https://registry.npmjs.org/-/npm/v1/security/advisories/bulk 215ms
388 silly audit report {
388 silly audit report   hono: [
388 silly audit report     {
388 silly audit report       id: 1112134,
388 silly audit report       url: 'https://github.com/advisories/GHSA-3vhc-576x-3qv4',
388 silly audit report       title: 'Hono JWK Auth Middleware has JWT algorithm confusion when JWK lacks "alg" (untrusted header.alg fallback)',
388 silly audit report       severity: 'high',
388 silly audit report       vulnerable_versions: '<4.11.4',
388 silly audit report       cwe: [Array],
388 silly audit report       cvss: [Object]
388 silly audit report     },
388 silly audit report     {
388 silly audit report       id: 1112135,
388 silly audit report       url: 'https://github.com/advisories/GHSA-f67f-6cw9-8mq4',
388 silly audit report       title: "Hono JWT Middleware's JWT Algorithm Confusion via Unsafe Default (HS256) Allows Token Forgery and Auth Bypass",
388 silly audit report       severity: 'high',
388 silly audit report       vulnerable_versions: '<4.11.4',
388 silly audit report       cwe: [Array],
388 silly audit report       cvss: [Object]
388 silly audit report     }
388 silly audit report   ],
388 silly audit report   xlsx: [
388 silly audit report     {
388 silly audit report       id: 1108110,
388 silly audit report       url: 'https://github.com/advisories/GHSA-4r6h-8v6p-xvw6',
388 silly audit report       title: 'Prototype Pollution in sheetJS',
388 silly audit report       severity: 'high',
388 silly audit report       vulnerable_versions: '<0.19.3',
388 silly audit report       cwe: [Array],
388 silly audit report       cvss: [Object]
388 silly audit report     },
388 silly audit report     {
388 silly audit report       id: 1108111,
388 silly audit report       url: 'https://github.com/advisories/GHSA-5pgg-2g8v-p4x9',
388 silly audit report       title: 'SheetJS Regular Expression Denial of Service (ReDoS)',
388 silly audit report       severity: 'high',
388 silly audit report       vulnerable_versions: '<0.20.2',
388 silly audit report       cwe: [Array],
388 silly audit report       cvss: [Object]
388 silly audit report     }
388 silly audit report   ]
388 silly audit report }
389 silly packumentCache corgi:https://registry.npmjs.org/hono cache-miss
390 silly packumentCache corgi:https://registry.npmjs.org/xlsx cache-miss
391 http cache https://registry.npmjs.org/xlsx 3ms (cache hit)
392 silly packumentCache corgi:https://registry.npmjs.org/xlsx set size:134408 disposed:false
393 http cache https://registry.npmjs.org/hono 6ms (cache hit)
394 silly packumentCache corgi:https://registry.npmjs.org/hono set size:663130 disposed:false
395 silly packumentCache corgi:https://registry.npmjs.org/@hono%2fnode-server cache-miss
396 silly packumentCache corgi:https://registry.npmjs.org/@prisma%2fdev cache-miss
397 http cache https://registry.npmjs.org/@hono%2fnode-server 2ms (cache hit)
398 silly packumentCache corgi:https://registry.npmjs.org/@hono%2fnode-server set size:79772 disposed:false
399 http cache https://registry.npmjs.org/@prisma%2fdev 5ms (cache hit)
400 silly packumentCache corgi:https://registry.npmjs.org/@prisma%2fdev set size:922331 disposed:false
401 silly packumentCache corgi:https://registry.npmjs.org/prisma cache-miss
402 http cache https://registry.npmjs.org/prisma 23ms (cache hit)
403 silly packumentCache corgi:https://registry.npmjs.org/prisma set size:22229531 disposed:false
404 silly packumentCache corgi:https://registry.npmjs.org/@prisma%2fclient cache-miss
405 http fetch GET 200 https://registry.npmjs.org/@alloc/quick-lru/-/quick-lru-5.2.0.tgz 446ms (cache miss)
406 http fetch GET 200 https://registry.npmjs.org/@tailwindcss/node/-/node-4.1.18.tgz 444ms (cache miss)
407 http cache https://registry.npmjs.org/@prisma%2fclient 84ms (cache hit)
408 silly packumentCache corgi:https://registry.npmjs.org/@prisma%2fclient set size:36899652 disposed:false
409 http fetch GET 200 https://registry.npmjs.org/enhanced-resolve/-/enhanced-resolve-5.18.4.tgz 639ms (cache miss)
410 http fetch GET 200 https://registry.npmjs.org/lightningcss/-/lightningcss-1.30.2.tgz 643ms (cache miss)
411 http fetch GET 200 https://registry.npmjs.org/@tailwindcss/oxide-darwin-arm64/-/oxide-darwin-arm64-4.1.18.tgz 648ms (cache miss)
412 http fetch GET 200 https://registry.npmjs.org/@tailwindcss/oxide/-/oxide-4.1.18.tgz 800ms (cache miss)
413 http fetch GET 200 https://registry.npmjs.org/lightningcss-darwin-arm64/-/lightningcss-darwin-arm64-1.30.2.tgz 2153ms (cache miss)
414 silly ADD
415 silly ADD
416 silly ADD
417 silly ADD
418 silly ADD
419 silly ADD
420 silly ADD
421 silly ADD
422 silly ADD
423 silly ADD node_modules/lightningcss-darwin-arm64
424 silly ADD
425 silly ADD node_modules/tapable
426 silly ADD
427 silly ADD
428 silly ADD
429 silly ADD
430 silly ADD
431 silly ADD
432 silly ADD
433 silly ADD
434 silly ADD
435 silly ADD
436 silly ADD node_modules/@tailwindcss/oxide-darwin-arm64
437 silly ADD
438 silly ADD node_modules/magic-string
439 silly ADD node_modules/lightningcss
440 silly ADD node_modules/enhanced-resolve
441 silly ADD node_modules/@tailwindcss/oxide
442 silly ADD node_modules/@tailwindcss/node
443 silly ADD node_modules/@alloc/quick-lru
444 silly ADD node_modules/@tailwindcss/postcss
445 silly ADD
446 silly ADD
447 silly ADD
448 silly ADD
449 silly ADD
450 silly ADD
451 silly ADD
452 silly ADD
453 silly ADD
454 silly ADD
455 silly ADD
456 silly ADD
457 silly ADD
458 silly ADD
459 silly ADD
460 silly ADD
461 silly ADD
462 silly ADD
463 silly ADD node_modules/@tybys/wasm-util
464 silly ADD
465 silly ADD
466 silly ADD
467 silly ADD
468 silly ADD
469 silly ADD
470 silly ADD
471 silly ADD node_modules/@napi-rs/wasm-runtime
472 silly ADD
473 silly ADD
474 silly ADD
475 silly ADD
476 silly ADD
477 silly ADD
478 silly ADD
479 silly ADD
480 silly ADD
481 silly ADD
482 silly ADD
483 silly ADD
484 silly ADD
485 silly ADD
486 silly ADD
487 silly ADD
488 silly ADD
489 silly ADD
490 silly ADD
491 silly ADD
492 silly ADD
493 silly ADD
494 silly ADD
495 silly ADD
496 silly ADD
497 silly ADD
498 silly ADD
499 silly ADD
500 silly ADD
501 silly ADD
502 silly ADD
503 silly ADD
504 silly ADD
505 silly ADD
506 silly ADD
507 silly ADD
508 silly ADD
509 silly ADD
510 silly ADD
511 silly ADD
512 silly ADD
513 silly ADD
514 silly ADD
515 silly ADD
516 silly ADD
517 silly ADD
518 silly ADD
519 silly ADD node_modules/@emnapi/wasi-threads
520 silly ADD node_modules/@emnapi/core
521 verbose cwd /Users/bruce/Projects/iris_notes
522 verbose os Darwin 25.1.0
523 verbose node v22.19.0
524 verbose npm  v10.9.3
525 verbose exit 0
526 info ok
